0 info it worked if it ends with ok
1 verbose cli [ 'C:\\Program Files\\nodejs\\node.exe',
1 verbose cli   'C:\\Program Files\\nodejs\\node_modules\\npm\\bin\\npm-cli.js',
1 verbose cli   'run',
1 verbose cli   'deploy' ]
2 info using npm@3.3.12
3 info using node@v5.4.1
4 verbose run-script [ 'predeploy', 'deploy', 'postdeploy' ]
5 info lifecycle sogeti-resume@1.0.0~predeploy: sogeti-resume@1.0.0
6 silly lifecycle sogeti-resume@1.0.0~predeploy: no script for predeploy, continuing
7 info lifecycle sogeti-resume@1.0.0~deploy: sogeti-resume@1.0.0
8 verbose lifecycle sogeti-resume@1.0.0~deploy: unsafe-perm in lifecycle true
9 verbose lifecycle sogeti-resume@1.0.0~deploy: PATH: C:\Program Files\nodejs\node_modules\npm\bin\node-gyp-bin;C:\Users\afeese\Documents\GitHub\SogetiResume\node_modules\.bin;C:\Users\afeese\AppData\Roaming\npm;C:\Program Files\nodejs\;C:\ProgramData\Oracle\Java\javapath;C:\Program Files (x86)\Intel\iCLS Client\;C:\Program Files\Intel\iCLS Client\;C:\Windows\system32;C:\Windows;C:\Windows\System32\Wbem;C:\Windows\System32\WindowsPowerShell\v1.0\;C:\Program Files\Intel\Intel(R) Management Engine Components\DAL;C:\Program Files (x86)\Intel\Intel(R) Management Engine Components\DAL;C:\Program Files\Intel\Intel(R) Management Engine Components\IPT;C:\Program Files (x86)\Intel\Intel(R) Management Engine Components\IPT;C:\Program Files\nodejs\;C:\Program Files\TortoiseGit\bin;C:\Users\afeese\.dnx\bin;C:\Program Files\Microsoft DNX\Dnvm\;C:\Program Files\Microsoft SQL Server\130\Tools\Binn\;C:\ProgramData\Oracle\Java\javapath;C:\Program Files (x86)\Intel\iCLS Client\;C:\Program Files\Intel\iCLS Client\;C:\Windows\system32;C:\Windows;C:\Windows\System32\Wbem;C:\Windows\System32\WindowsPowerShell\v1.0\;C:\Program Files\Intel\Intel(R) Management Engine Components\DAL;C:\Program Files (x86)\Intel\Intel(R) Management Engine Components\DAL;C:\Program Files\Intel\Intel(R) Management Engine Components\IPT;C:\Program Files (x86)\Intel\Intel(R) Management Engine Components\IPT;C:\Program Files\nodejs\;C:\Program Files\TortoiseGit\bin;C:\Users\afeese\.dnx\bin;C:\Program Files\Microsoft DNX\Dnvm\;C:\Program Files\Microsoft SQL Server\130\Tools\Binn\;C:\Users\afeese\AppData\Local\Programs\Git\cmd
10 verbose lifecycle sogeti-resume@1.0.0~deploy: CWD: C:\Users\afeese\Documents\GitHub\SogetiResume
11 silly lifecycle sogeti-resume@1.0.0~deploy: Args: [ '/d /s /c', 'gulp clean && gulp build && firebase deploy' ]
12 silly lifecycle sogeti-resume@1.0.0~deploy: Returned: code: 1  signal: null
13 info lifecycle sogeti-resume@1.0.0~deploy: Failed to exec deploy script
14 verbose stack Error: sogeti-resume@1.0.0 deploy: `gulp clean && gulp build && firebase deploy`
14 verbose stack Exit status 1
14 verbose stack     at EventEmitter.<anonymous> (C:\Program Files\nodejs\node_modules\npm\lib\utils\lifecycle.js:232:16)
14 verbose stack     at emitTwo (events.js:87:13)
14 verbose stack     at EventEmitter.emit (events.js:172:7)
14 verbose stack     at ChildProcess.<anonymous> (C:\Program Files\nodejs\node_modules\npm\lib\utils\spawn.js:24:14)
14 verbose stack     at emitTwo (events.js:87:13)
14 verbose stack     at ChildProcess.emit (events.js:172:7)
14 verbose stack     at maybeClose (internal/child_process.js:821:16)
14 verbose stack     at Process.ChildProcess._handle.onexit (internal/child_process.js:211:5)
15 verbose pkgid sogeti-resume@1.0.0
16 verbose cwd C:\Users\afeese\Documents\GitHub\SogetiResume
17 error Windows_NT 6.3.9600
18 error argv "C:\\Program Files\\nodejs\\node.exe" "C:\\Program Files\\nodejs\\node_modules\\npm\\bin\\npm-cli.js" "run" "deploy"
19 error node v5.4.1
20 error npm  v3.3.12
21 error code ELIFECYCLE
22 error sogeti-resume@1.0.0 deploy: `gulp clean && gulp build && firebase deploy`
22 error Exit status 1
23 error Failed at the sogeti-resume@1.0.0 deploy script 'gulp clean && gulp build && firebase deploy'.
23 error Make sure you have the latest version of node.js and npm installed.
23 error If you do, this is most likely a problem with the sogeti-resume package,
23 error not with npm itself.
23 error Tell the author that this fails on your system:
23 error     gulp clean && gulp build && firebase deploy
23 error You can get their info via:
23 error     npm owner ls sogeti-resume
23 error There is likely additional logging output above.
24 verbose exit [ 1, true ]
